2026-01-29 03:33:15,956 - __main__ - INFO - Processing existing session files...
2026-01-29 03:33:15,956 - __main__ - INFO - Processing session file: /root/clawd/sessions/whatsapp_212635278125_1769654518.txt
2026-01-29 03:33:15,956 - __main__ - WARNING - No transcript found in /root/clawd/sessions/whatsapp_212635278125_1769654518.txt
2026-01-29 03:33:15,956 - __main__ - INFO - Processing session file: /root/clawd/sessions/whatsapp_212626474248_1769657228.txt
2026-01-29 03:33:15,956 - __main__ - INFO - Message from 212626474248 in ar: السلام عليكم صلاح كيداير بخير? عافاك قوليا بغيت ناخد عندك داك الصباط لي حاطو بتلتالاف وخمسمية دريال ...
2026-01-29 03:33:15,956 - __main__ - INFO - Generated response in ar: أهلاً صلاح! وعليكم السلام! أنا بخير الحمد لله، شكراً لسؤالك. كيف يمكنني مساعدتك اليوم؟
2026-01-29 03:33:15,956 - __main__ - INFO - Response queued for 212626474248: أهلاً صلاح! وعليكم السلام! أنا بخير الحمد لله، شكر...
2026-01-29 03:33:15,956 - __main__ - INFO - Moved to processed: /root/clawd/audio/processed_sessions/whatsapp_212626474248_1769657228.txt
2026-01-29 03:33:15,956 - __main__ - INFO - Processing session file: /root/clawd/sessions/whatsapp_212626474248_1769654805.txt
2026-01-29 03:33:15,957 - __main__ - WARNING - No transcript found in /root/clawd/sessions/whatsapp_212626474248_1769654805.txt
2026-01-29 03:33:15,957 - __main__ - INFO - Processing session file: /root/clawd/sessions/whatsapp_212626474248_1769656333.txt
2026-01-29 03:33:15,957 - __main__ - WARNING - No transcript found in /root/clawd/sessions/whatsapp_212626474248_1769656333.txt
2026-01-29 03:33:15,957 - __main__ - INFO - Processing session file: /root/clawd/sessions/whatsapp_212626474248_1769656628.txt
2026-01-29 03:33:15,957 - __main__ - INFO - Message from 212626474248 in en: وفين ا صلاح شكتعاود كلشي بخير...
2026-01-29 03:33:15,957 - __main__ - INFO - Generated response in en: Thanks for your voice message. How can I help you?
2026-01-29 03:33:15,957 - __main__ - INFO - Response queued for 212626474248: Thanks for your voice message. How can I help you?...
2026-01-29 03:33:15,957 - __main__ - INFO - Moved to processed: /root/clawd/audio/processed_sessions/whatsapp_212626474248_1769656628.txt
2026-01-29 03:33:15,957 - __main__ - INFO - Processing session file: /root/clawd/sessions/whatsapp_212626474248_1769656133.txt
2026-01-29 03:33:15,957 - __main__ - WARNING - No transcript found in /root/clawd/sessions/whatsapp_212626474248_1769656133.txt
2026-01-29 03:33:15,957 - __main__ - INFO - Processing session file: /root/clawd/sessions/whatsapp_212626474248_1769656539.txt
2026-01-29 03:33:15,957 - __main__ - INFO - Message from 212626474248 in en: السلام عليكم كيداير بخير? كلشي مزيان...
2026-01-29 03:33:15,957 - __main__ - INFO - Generated response in en: Thanks for your voice message. How can I help you?
2026-01-29 03:33:15,958 - __main__ - INFO - Response queued for 212626474248: Thanks for your voice message. How can I help you?...
2026-01-29 03:33:15,958 - __main__ - INFO - Moved to processed: /root/clawd/audio/processed_sessions/whatsapp_212626474248_1769656539.txt
2026-01-29 03:33:15,958 - __main__ - INFO - Processing session file: /root/clawd/sessions/whatsapp_212626474248_1769656700.txt
2026-01-29 03:33:15,958 - __main__ - WARNING - No transcript found in /root/clawd/sessions/whatsapp_212626474248_1769656700.txt
2026-01-29 03:33:15,958 - __main__ - INFO - Processing session file: /root/clawd/sessions/whatsapp_212626474248_1769657045.txt
2026-01-29 03:33:15,958 - __main__ - INFO - Message from 212626474248 in fr: Salut Sarah, ça va? Comment vas-tu?...
2026-01-29 03:33:15,958 - __main__ - INFO - Generated response in fr: Bonjour Sarah! Bonjour! Je vais bien, merci de demander. Comment puis-je vous aider aujourd'hui?
2026-01-29 03:33:15,958 - __main__ - INFO - Response queued for 212626474248: Bonjour Sarah! Bonjour! Je vais bien, merci de dem...
2026-01-29 03:33:15,958 - __main__ - INFO - Moved to processed: /root/clawd/audio/processed_sessions/whatsapp_212626474248_1769657045.txt
2026-01-29 03:33:15,958 - __main__ - INFO - Processing session file: /root/clawd/sessions/whatsapp_212626474248_1769654873.txt
2026-01-29 03:33:15,958 - __main__ - WARNING - No transcript found in /root/clawd/sessions/whatsapp_212626474248_1769654873.txt
2026-01-29 03:33:15,958 - __main__ - INFO - Processing session file: /root/clawd/sessions/whatsapp_212626474248_1769657163.txt
2026-01-29 03:33:15,959 - __main__ - INFO - Message from 212626474248 in en: Hey Sala how are you doing? Everything is good....
2026-01-29 03:33:15,959 - __main__ - INFO - Generated response in en: Hi Sala! Hello! I'm doing well, thanks for asking. How can I help you today?
2026-01-29 03:33:15,959 - __main__ - INFO - Response queued for 212626474248: Hi Sala! Hello! I'm doing well, thanks for asking....
2026-01-29 03:33:15,959 - __main__ - INFO - Moved to processed: /root/clawd/audio/processed_sessions/whatsapp_212626474248_1769657163.txt
2026-01-29 03:33:15,960 - __main__ - INFO - Started monitoring directory: /root/clawd/sessions
2026-01-29 03:33:15,960 - __main__ - INFO - Auto-responder ready! Will reply in same language as received.
